2025-02-18 18:46:42,550 - WARNING - Attempt 1 for https://api.moysklad.ru/api/remap/1.2/entity/variant/f2908a7a-7c09-11ef-0a80-05bc00155904?expand=product.supplier failed with 429: 429, message='Too Many Requests', url='https://api.moysklad.ru/api/remap/1.2/entity/variant/f2908a7a-7c09-11ef-0a80-05bc00155904?expand=product.supplier'
2025-02-18 18:46:42,550 - INFO - Retrying after 1 seconds...
2025-02-18 18:46:42,726 - WARNING - Attempt 1 for https://api.moysklad.ru/api/remap/1.2/entity/variant/ccebe1bd-5962-11ef-0a80-0751000eec1d?expand=product.supplier failed with 429: 429, message='Too Many Requests', url='https://api.moysklad.ru/api/remap/1.2/entity/variant/ccebe1bd-5962-11ef-0a80-0751000eec1d?expand=product.supplier'
2025-02-18 18:46:42,727 - INFO - Retrying after 1 seconds...
2025-02-18 18:46:42,858 - WARNING - Attempt 1 for https://api.moysklad.ru/api/remap/1.2/entity/variant/013458d3-b3b7-11ee-0a80-01e2004272da?expand=product.supplier failed with 429: 429, message='Too Many Requests', url='https://api.moysklad.ru/api/remap/1.2/entity/variant/013458d3-b3b7-11ee-0a80-01e2004272da?expand=product.supplier'
2025-02-18 18:46:42,858 - INFO - Retrying after 1 seconds...
2025-02-18 18:46:43,833 - WARNING - Attempt 1 for https://api.moysklad.ru/api/remap/1.2/entity/product/528d7d86-0863-11ef-0a80-09250057f246?expand=supplier failed with 429: 429, message='Too Many Requests', url='https://api.moysklad.ru/api/remap/1.2/entity/product/528d7d86-0863-11ef-0a80-09250057f246?expand=supplier'
2025-02-18 18:46:43,833 - INFO - Retrying after 1 seconds...
2025-02-18 18:46:43,850 - WARNING - Attempt 1 for https://api.moysklad.ru/api/remap/1.2/entity/product/d6e38262-e56e-11ef-0a80-161100122a75?expand=supplier failed with 429: 429, message='Too Many Requests', url='https://api.moysklad.ru/api/remap/1.2/entity/product/d6e38262-e56e-11ef-0a80-161100122a75?expand=supplier'
2025-02-18 18:46:43,850 - INFO - Retrying after 1 seconds...
2025-02-18 18:46:44,144 - WARNING - Attempt 1 for https://api.moysklad.ru/api/remap/1.2/entity/product/3c31e969-ead3-11ef-0a80-016f000ef7ea?expand=supplier failed with 429: 429, message='Too Many Requests', url='https://api.moysklad.ru/api/remap/1.2/entity/product/3c31e969-ead3-11ef-0a80-016f000ef7ea?expand=supplier'
2025-02-18 18:46:44,144 - INFO - Retrying after 1 seconds...
2025-02-18 18:46:45,067 - WARNING - Attempt 1 for https://api.moysklad.ru/api/remap/1.2/entity/variant/bed1e087-bc7e-11ee-0a80-16e40017cad0?expand=product.supplier failed with 429: 429, message='Too Many Requests', url='https://api.moysklad.ru/api/remap/1.2/entity/variant/bed1e087-bc7e-11ee-0a80-16e40017cad0?expand=product.supplier'
2025-02-18 18:46:45,067 - INFO - Retrying after 1 seconds...
2025-02-18 18:46:45,217 - WARNING - Attempt 1 for https://api.moysklad.ru/api/remap/1.2/entity/variant/b03b7b59-97b1-11ef-0a80-0799000074bc?expand=product.supplier failed with 429: 429, message='Too Many Requests', url='https://api.moysklad.ru/api/remap/1.2/entity/variant/b03b7b59-97b1-11ef-0a80-0799000074bc?expand=product.supplier'
2025-02-18 18:46:45,218 - INFO - Retrying after 1 seconds...
2025-02-18 18:46:45,299 - WARNING - Attempt 2 for https://api.moysklad.ru/api/remap/1.2/entity/product/3c31e969-ead3-11ef-0a80-016f000ef7ea?expand=supplier failed with 429: 429, message='Too Many Requests', url='https://api.moysklad.ru/api/remap/1.2/entity/product/3c31e969-ead3-11ef-0a80-016f000ef7ea?expand=supplier'
2025-02-18 18:46:45,300 - INFO - Retrying after 1 seconds...
2025-02-18 18:46:46,455 - WARNING - Attempt 1 for https://api.moysklad.ru/api/remap/1.2/entity/variant/9eda200f-e933-11ef-0a80-0161002049a5?expand=product.supplier failed with 429: 429, message='Too Many Requests', url='https://api.moysklad.ru/api/remap/1.2/entity/variant/9eda200f-e933-11ef-0a80-0161002049a5?expand=product.supplier'
2025-02-18 18:46:46,455 - INFO - Retrying after 1 seconds...
2025-02-18 18:46:46,551 - WARNING - Attempt 1 for https://api.moysklad.ru/api/remap/1.2/entity/product/1e53ea6d-de38-11ef-0a80-08b2000e2326?expand=supplier failed with 429: 429, message='Too Many Requests', url='https://api.moysklad.ru/api/remap/1.2/entity/product/1e53ea6d-de38-11ef-0a80-08b2000e2326?expand=supplier'
2025-02-18 18:46:46,551 - INFO - Retrying after 1 seconds...
2025-02-18 18:46:46,574 - WARNING - Attempt 1 for https://api.moysklad.ru/api/remap/1.2/entity/variant/1ce126ca-e92a-11ef-0a80-034a001f69e8?expand=product.supplier failed with 429: 429, message='Too Many Requests', url='https://api.moysklad.ru/api/remap/1.2/entity/variant/1ce126ca-e92a-11ef-0a80-034a001f69e8?expand=product.supplier'
2025-02-18 18:46:46,574 - INFO - Retrying after 1 seconds...
2025-02-18 18:46:47,745 - WARNING - Attempt 1 for https://api.moysklad.ru/api/remap/1.2/entity/variant/b0eb071d-6924-11ee-0a80-0d130000a0ef?expand=product.supplier failed with 429: 429, message='Too Many Requests', url='https://api.moysklad.ru/api/remap/1.2/entity/variant/b0eb071d-6924-11ee-0a80-0d130000a0ef?expand=product.supplier'
2025-02-18 18:46:47,745 - INFO - Retrying after 1 seconds...
2025-02-18 18:46:47,828 - WARNING - Attempt 1 for https://api.moysklad.ru/api/remap/1.2/entity/variant/bd856d48-6b66-11ef-0a80-01fe000baa1e?expand=product.supplier failed with 429: 429, message='Too Many Requests', url='https://api.moysklad.ru/api/remap/1.2/entity/variant/bd856d48-6b66-11ef-0a80-01fe000baa1e?expand=product.supplier'
2025-02-18 18:46:47,828 - INFO - Retrying after 1 seconds...
2025-02-18 18:46:47,967 - WARNING - Attempt 1 for https://api.moysklad.ru/api/remap/1.2/entity/variant/bd89a7ac-6b66-11ef-0a80-01fe000baa2a?expand=product.supplier failed with 429: 429, message='Too Many Requests', url='https://api.moysklad.ru/api/remap/1.2/entity/variant/bd89a7ac-6b66-11ef-0a80-01fe000baa2a?expand=product.supplier'
2025-02-18 18:46:47,967 - INFO - Retrying after 1 seconds...
2025-02-18 18:46:48,098 - WARNING - Attempt 1 for https://api.moysklad.ru/api/remap/1.2/entity/product/772c1ebd-8ba7-11ef-0a80-0762000f2c32?expand=supplier failed with 429: 429, message='Too Many Requests', url='https://api.moysklad.ru/api/remap/1.2/entity/product/772c1ebd-8ba7-11ef-0a80-0762000f2c32?expand=supplier'
2025-02-18 18:46:48,099 - INFO - Retrying after 1 seconds...
2025-02-18 18:46:49,516 - WARNING - Attempt 1 for https://api.moysklad.ru/api/remap/1.2/entity/product/009fbbd9-85a0-11ef-0a80-0b5800009b63?expand=supplier failed with 429: 429, message='Too Many Requests', url='https://api.moysklad.ru/api/remap/1.2/entity/product/009fbbd9-85a0-11ef-0a80-0b5800009b63?expand=supplier'
2025-02-18 18:46:49,516 - INFO - Retrying after 1 seconds...
2025-02-18 18:46:49,524 - WARNING - Attempt 1 for https://api.moysklad.ru/api/remap/1.2/entity/product/873aa0c5-99c8-11ee-0a80-0cd30015a8f6?expand=supplier failed with 429: 429, message='Too Many Requests', url='https://api.moysklad.ru/api/remap/1.2/entity/product/873aa0c5-99c8-11ee-0a80-0cd30015a8f6?expand=supplier'
2025-02-18 18:46:49,525 - INFO - Retrying after 1 seconds...
2025-02-18 18:46:49,534 - WARNING - Attempt 1 for https://api.moysklad.ru/api/remap/1.2/entity/variant/1975bad0-c0f5-11ee-0a80-16ef00108d5d?expand=product.supplier failed with 429: 429, message='Too Many Requests', url='https://api.moysklad.ru/api/remap/1.2/entity/variant/1975bad0-c0f5-11ee-0a80-16ef00108d5d?expand=product.supplier'
2025-02-18 18:46:49,534 - INFO - Retrying after 1 seconds...
2025-02-18 18:46:50,701 - WARNING - Attempt 1 for https://api.moysklad.ru/api/remap/1.2/entity/product/d0c51404-4828-11ef-0a80-04740040d434?expand=supplier failed with 429: 429, message='Too Many Requests', url='https://api.moysklad.ru/api/remap/1.2/entity/product/d0c51404-4828-11ef-0a80-04740040d434?expand=supplier'
2025-02-18 18:46:50,702 - INFO - Retrying after 1 seconds...
2025-02-18 18:46:50,857 - WARNING - Attempt 1 for https://api.moysklad.ru/api/remap/1.2/entity/product/149e867b-8bc2-11ef-0a80-16630016729a?expand=supplier failed with 429: 429, message='Too Many Requests', url='https://api.moysklad.ru/api/remap/1.2/entity/product/149e867b-8bc2-11ef-0a80-16630016729a?expand=supplier'
2025-02-18 18:46:50,857 - INFO - Retrying after 1 seconds...
2025-02-18 18:46:50,860 - WARNING - Attempt 1 for https://api.moysklad.ru/api/remap/1.2/entity/product/1ed9a9e5-b0c9-11ef-0a80-081100cc529c?expand=supplier failed with 429: 429, message='Too Many Requests', url='https://api.moysklad.ru/api/remap/1.2/entity/product/1ed9a9e5-b0c9-11ef-0a80-081100cc529c?expand=supplier'
2025-02-18 18:46:50,860 - INFO - Retrying after 1 seconds...
2025-02-18 18:46:50,942 - WARNING - Attempt 1 for https://api.moysklad.ru/api/remap/1.2/entity/variant/7325a1d3-b0c2-11ef-0a80-0d8900c89a91?expand=product.supplier failed with 429: 429, message='Too Many Requests', url='https://api.moysklad.ru/api/remap/1.2/entity/variant/7325a1d3-b0c2-11ef-0a80-0d8900c89a91?expand=product.supplier'
2025-02-18 18:46:50,942 - INFO - Retrying after 1 seconds...
2025-02-18 18:46:52,403 - WARNING - Attempt 1 for https://api.moysklad.ru/api/remap/1.2/entity/product/21539f75-45d8-11ef-0a80-047400165e1e?expand=supplier failed with 429: 429, message='Too Many Requests', url='https://api.moysklad.ru/api/remap/1.2/entity/product/21539f75-45d8-11ef-0a80-047400165e1e?expand=supplier'
2025-02-18 18:46:52,403 - INFO - Retrying after 1 seconds...
2025-02-18 18:46:52,421 - WARNING - Attempt 1 for https://api.moysklad.ru/api/remap/1.2/entity/variant/8330d842-ae3e-11ef-0a80-04290095ed14?expand=product.supplier failed with 429: 429, message='Too Many Requests', url='https://api.moysklad.ru/api/remap/1.2/entity/variant/8330d842-ae3e-11ef-0a80-04290095ed14?expand=product.supplier'
2025-02-18 18:46:52,421 - INFO - Retrying after 1 seconds...
2025-02-18 18:46:52,529 - WARNING - Attempt 1 for https://api.moysklad.ru/api/remap/1.2/entity/product/dbbdfafe-45d9-11ef-0a80-07b700159b19?expand=supplier failed with 429: 429, message='Too Many Requests', url='https://api.moysklad.ru/api/remap/1.2/entity/product/dbbdfafe-45d9-11ef-0a80-07b700159b19?expand=supplier'
2025-02-18 18:46:52,529 - INFO - Retrying after 1 seconds...
2025-02-18 18:46:53,669 - WARNING - Attempt 1 for https://api.moysklad.ru/api/remap/1.2/entity/variant/534434bf-c33a-11ed-0a80-0d8f00130055?expand=product.supplier failed with 429: 429, message='Too Many Requests', url='https://api.moysklad.ru/api/remap/1.2/entity/variant/534434bf-c33a-11ed-0a80-0d8f00130055?expand=product.supplier'
2025-02-18 18:46:53,669 - INFO - Retrying after 1 seconds...
2025-02-18 18:46:53,833 - WARNING - Attempt 1 for https://api.moysklad.ru/api/remap/1.2/entity/variant/16c44eab-ae3a-11ef-0a80-02cc009163e7?expand=product.supplier failed with 429: 429, message='Too Many Requests', url='https://api.moysklad.ru/api/remap/1.2/entity/variant/16c44eab-ae3a-11ef-0a80-02cc009163e7?expand=product.supplier'
2025-02-18 18:46:53,833 - INFO - Retrying after 1 seconds...
2025-02-18 18:46:53,879 - WARNING - Attempt 1 for https://api.moysklad.ru/api/remap/1.2/entity/product/106ed269-4764-11ef-0a80-158b002ac5f2?expand=supplier failed with 429: 429, message='Too Many Requests', url='https://api.moysklad.ru/api/remap/1.2/entity/product/106ed269-4764-11ef-0a80-158b002ac5f2?expand=supplier'
2025-02-18 18:46:53,879 - INFO - Retrying after 1 seconds...
2025-02-18 18:46:55,142 - WARNING - Attempt 1 for https://api.moysklad.ru/api/remap/1.2/entity/product/63a7c4f7-4767-11ef-0a80-0c0c00299034?expand=supplier failed with 429: 429, message='Too Many Requests', url='https://api.moysklad.ru/api/remap/1.2/entity/product/63a7c4f7-4767-11ef-0a80-0c0c00299034?expand=supplier'
2025-02-18 18:46:55,142 - INFO - Retrying after 1 seconds...
2025-02-18 18:46:55,187 - WARNING - Attempt 1 for https://api.moysklad.ru/api/remap/1.2/entity/product/991ae60e-f117-11ee-0a80-10b40000558d?expand=supplier failed with 429: 429, message='Too Many Requests', url='https://api.moysklad.ru/api/remap/1.2/entity/product/991ae60e-f117-11ee-0a80-10b40000558d?expand=supplier'
2025-02-18 18:46:55,187 - INFO - Retrying after 1 seconds...
2025-02-18 18:46:55,286 - WARNING - Attempt 1 for https://api.moysklad.ru/api/remap/1.2/entity/variant/ef68ce24-bb9b-11ee-0a80-08090015fd1e?expand=product.supplier failed with 429: 429, message='Too Many Requests', url='https://api.moysklad.ru/api/remap/1.2/entity/variant/ef68ce24-bb9b-11ee-0a80-08090015fd1e?expand=product.supplier'
2025-02-18 18:46:55,286 - INFO - Retrying after 1 seconds...
2025-02-18 18:46:56,403 - WARNING - Attempt 1 for https://api.moysklad.ru/api/remap/1.2/entity/product/10770430-cc33-11ef-0a80-022b004c6df5?expand=supplier failed with 429: 429, message='Too Many Requests', url='https://api.moysklad.ru/api/remap/1.2/entity/product/10770430-cc33-11ef-0a80-022b004c6df5?expand=supplier'
2025-02-18 18:46:56,403 - INFO - Retrying after 1 seconds...
2025-02-18 18:46:56,413 - WARNING - Attempt 1 for https://api.moysklad.ru/api/remap/1.2/entity/product/27ef18c4-ba87-11ed-0a80-00b9001c99c1?expand=supplier failed with 429: 429, message='Too Many Requests', url='https://api.moysklad.ru/api/remap/1.2/entity/product/27ef18c4-ba87-11ed-0a80-00b9001c99c1?expand=supplier'
2025-02-18 18:46:56,413 - INFO - Retrying after 1 seconds...
2025-02-18 18:46:56,715 - WARNING - Attempt 1 for https://api.moysklad.ru/api/remap/1.2/entity/product/e61ea3a5-cc32-11ef-0a80-08a2004d2505?expand=supplier failed with 429: 429, message='Too Many Requests', url='https://api.moysklad.ru/api/remap/1.2/entity/product/e61ea3a5-cc32-11ef-0a80-08a2004d2505?expand=supplier'
2025-02-18 18:46:56,715 - INFO - Retrying after 1 seconds...
2025-02-18 18:46:57,675 - WARNING - Attempt 1 for https://api.moysklad.ru/api/remap/1.2/entity/variant/1102b784-7022-11ef-0a80-083e000dcb16?expand=product.supplier failed with 429: 429, message='Too Many Requests', url='https://api.moysklad.ru/api/remap/1.2/entity/variant/1102b784-7022-11ef-0a80-083e000dcb16?expand=product.supplier'
2025-02-18 18:46:57,675 - INFO - Retrying after 1 seconds...
2025-02-18 18:46:57,782 - WARNING - Attempt 1 for https://api.moysklad.ru/api/remap/1.2/entity/product/0fe97e16-474d-11ef-0a80-17790028014e?expand=supplier failed with 429: 429, message='Too Many Requests', url='https://api.moysklad.ru/api/remap/1.2/entity/product/0fe97e16-474d-11ef-0a80-17790028014e?expand=supplier'
2025-02-18 18:46:57,782 - INFO - Retrying after 1 seconds...
2025-02-18 18:46:57,923 - WARNING - Attempt 1 for https://api.moysklad.ru/api/remap/1.2/entity/variant/177a1295-7022-11ef-0a80-0e3a000ce624?expand=product.supplier failed with 429: 429, message='Too Many Requests', url='https://api.moysklad.ru/api/remap/1.2/entity/variant/177a1295-7022-11ef-0a80-0e3a000ce624?expand=product.supplier'
2025-02-18 18:46:57,923 - INFO - Retrying after 1 seconds...
2025-02-18 18:46:59,081 - WARNING - Attempt 1 for https://api.moysklad.ru/api/remap/1.2/entity/product/222c04b2-cc30-11ef-0a80-0066004c6e5b?expand=supplier failed with 429: 429, message='Too Many Requests', url='https://api.moysklad.ru/api/remap/1.2/entity/product/222c04b2-cc30-11ef-0a80-0066004c6e5b?expand=supplier'
2025-02-18 18:46:59,082 - INFO - Retrying after 1 seconds...
2025-02-18 18:46:59,107 - WARNING - Attempt 1 for https://api.moysklad.ru/api/remap/1.2/entity/variant/c0d23690-d590-11ee-0a80-04cc006abd5e?expand=product.supplier failed with 429: 429, message='Too Many Requests', url='https://api.moysklad.ru/api/remap/1.2/entity/variant/c0d23690-d590-11ee-0a80-04cc006abd5e?expand=product.supplier'
2025-02-18 18:46:59,108 - INFO - Retrying after 1 seconds...
2025-02-18 18:46:59,128 - WARNING - Attempt 1 for https://api.moysklad.ru/api/remap/1.2/entity/product/b5e20113-7025-11ef-0a80-0f0c000f3191?expand=supplier failed with 429: 429, message='Too Many Requests', url='https://api.moysklad.ru/api/remap/1.2/entity/product/b5e20113-7025-11ef-0a80-0f0c000f3191?expand=supplier'
2025-02-18 18:46:59,128 - INFO - Retrying after 1 seconds...
2025-02-18 18:47:00,333 - WARNING - Attempt 1 for https://api.moysklad.ru/api/remap/1.2/entity/product/eb5f4783-45d6-11ef-0a80-0d800014e971?expand=supplier failed with 429: 429, message='Too Many Requests', url='https://api.moysklad.ru/api/remap/1.2/entity/product/eb5f4783-45d6-11ef-0a80-0d800014e971?expand=supplier'
2025-02-18 18:47:00,333 - INFO - Retrying after 1 seconds...
2025-02-18 18:47:00,420 - WARNING - Attempt 1 for https://api.moysklad.ru/api/remap/1.2/entity/product/285fab01-b248-11ef-0a80-1a80001382ab?expand=supplier failed with 429: 429, message='Too Many Requests', url='https://api.moysklad.ru/api/remap/1.2/entity/product/285fab01-b248-11ef-0a80-1a80001382ab?expand=supplier'
2025-02-18 18:47:00,421 - INFO - Retrying after 1 seconds...
2025-02-18 18:47:00,426 - WARNING - Attempt 1 for https://api.moysklad.ru/api/remap/1.2/entity/product/c4b8e1b7-fbdf-11ed-0a80-07950013db1c?expand=supplier failed with 429: 429, message='Too Many Requests', url='https://api.moysklad.ru/api/remap/1.2/entity/product/c4b8e1b7-fbdf-11ed-0a80-07950013db1c?expand=supplier'
2025-02-18 18:47:00,426 - INFO - Retrying after 1 seconds...
2025-02-18 18:47:03,052 - WARNING - Attempt 1 for https://api.moysklad.ru/api/remap/1.2/entity/variant/507f1e39-ae71-11ef-0a80-11b5009e35b0?expand=product.supplier failed with 429: 429, message='Too Many Requests', url='https://api.moysklad.ru/api/remap/1.2/entity/variant/507f1e39-ae71-11ef-0a80-11b5009e35b0?expand=product.supplier'
2025-02-18 18:47:03,053 - INFO - Retrying after 1 seconds...
2025-02-18 18:47:03,579 - WARNING - Attempt 1 for https://api.moysklad.ru/api/remap/1.2/entity/variant/570f5405-ae71-11ef-0a80-0e3300a108a7?expand=product.supplier failed with 429: 429, message='Too Many Requests', url='https://api.moysklad.ru/api/remap/1.2/entity/variant/570f5405-ae71-11ef-0a80-0e3300a108a7?expand=product.supplier'
2025-02-18 18:47:03,579 - INFO - Retrying after 1 seconds...
2025-02-18 18:47:06,815 - WARNING - Attempt 1 for https://api.moysklad.ru/api/remap/1.2/entity/product/a93bfc7b-2a05-11ee-0a80-005d002f9c6e?expand=supplier failed with 429: 429, message='Too Many Requests', url='https://api.moysklad.ru/api/remap/1.2/entity/product/a93bfc7b-2a05-11ee-0a80-005d002f9c6e?expand=supplier'
2025-02-18 18:47:06,815 - INFO - Retrying after 1 seconds...
2025-02-18 18:47:07,051 - WARNING - Attempt 1 for https://api.moysklad.ru/api/remap/1.2/entity/product/af62c666-45d6-11ef-0a80-10b40014ecbb?expand=supplier failed with 429: 429, message='Too Many Requests', url='https://api.moysklad.ru/api/remap/1.2/entity/product/af62c666-45d6-11ef-0a80-10b40014ecbb?expand=supplier'
2025-02-18 18:47:07,052 - INFO - Retrying after 1 seconds...
2025-02-18 18:47:09,045 - WARNING - Attempt 1 for https://api.moysklad.ru/api/remap/1.2/entity/variant/10cea3ec-339c-11ef-0a80-0f600009f64c?expand=product.supplier failed with 429: 429, message='Too Many Requests', url='https://api.moysklad.ru/api/remap/1.2/entity/variant/10cea3ec-339c-11ef-0a80-0f600009f64c?expand=product.supplier'
2025-02-18 18:47:09,045 - INFO - Retrying after 1 seconds...
2025-02-18 18:47:09,191 - WARNING - Attempt 1 for https://api.moysklad.ru/api/remap/1.2/entity/product/25a80ce1-2f2b-11ef-0a80-14140000a53b?expand=supplier failed with 429: 429, message='Too Many Requests', url='https://api.moysklad.ru/api/remap/1.2/entity/product/25a80ce1-2f2b-11ef-0a80-14140000a53b?expand=supplier'
2025-02-18 18:47:09,191 - INFO - Retrying after 1 seconds...
2025-02-18 18:47:09,201 - WARNING - Attempt 1 for https://api.moysklad.ru/api/remap/1.2/entity/variant/03e19ab5-e488-11ef-0a80-1599000ee9ec?expand=product.supplier failed with 429: 429, message='Too Many Requests', url='https://api.moysklad.ru/api/remap/1.2/entity/variant/03e19ab5-e488-11ef-0a80-1599000ee9ec?expand=product.supplier'
2025-02-18 18:47:09,201 - INFO - Retrying after 1 seconds...
2025-02-18 18:47:10,494 - WARNING - Attempt 1 for https://api.moysklad.ru/api/remap/1.2/entity/product/d07f0d63-8706-11ef-0a80-1819002e098b?expand=supplier failed with 429: 429, message='Too Many Requests', url='https://api.moysklad.ru/api/remap/1.2/entity/product/d07f0d63-8706-11ef-0a80-1819002e098b?expand=supplier'
2025-02-18 18:47:10,494 - INFO - Retrying after 1 seconds...
2025-02-18 18:47:10,537 - WARNING - Attempt 1 for https://api.moysklad.ru/api/remap/1.2/entity/variant/24f76c95-be26-11ef-0a80-1566000d2cc4?expand=product.supplier failed with 429: 429, message='Too Many Requests', url='https://api.moysklad.ru/api/remap/1.2/entity/variant/24f76c95-be26-11ef-0a80-1566000d2cc4?expand=product.supplier'
2025-02-18 18:47:10,537 - INFO - Retrying after 1 seconds...
2025-02-18 18:47:12,002 - WARNING - Attempt 1 for https://api.moysklad.ru/api/remap/1.2/entity/variant/3e5e6c8e-8fc3-11ef-0a80-1070002fc5e5?expand=product.supplier failed with 429: 429, message='Too Many Requests', url='https://api.moysklad.ru/api/remap/1.2/entity/variant/3e5e6c8e-8fc3-11ef-0a80-1070002fc5e5?expand=product.supplier'
2025-02-18 18:47:12,002 - INFO - Retrying after 1 seconds...
2025-02-18 18:47:12,099 - WARNING - Attempt 1 for https://api.moysklad.ru/api/remap/1.2/entity/product/60e8151e-8586-11ef-0a80-0e880019de8b?expand=supplier failed with 429: 429, message='Too Many Requests', url='https://api.moysklad.ru/api/remap/1.2/entity/product/60e8151e-8586-11ef-0a80-0e880019de8b?expand=supplier'
2025-02-18 18:47:12,099 - INFO - Retrying after 1 seconds...
2025-02-18 18:47:12,118 - WARNING - Attempt 1 for https://api.moysklad.ru/api/remap/1.2/entity/variant/3e62548d-8fc3-11ef-0a80-1070002fc5f0?expand=product.supplier failed with 429: 429, message='Too Many Requests', url='https://api.moysklad.ru/api/remap/1.2/entity/variant/3e62548d-8fc3-11ef-0a80-1070002fc5f0?expand=product.supplier'
2025-02-18 18:47:12,118 - INFO - Retrying after 1 seconds...
2025-02-18 18:47:13,335 - WARNING - Attempt 1 for https://api.moysklad.ru/api/remap/1.2/entity/product/4f298477-8a53-11ef-0a80-0da40000e8d3?expand=supplier failed with 429: 429, message='Too Many Requests', url='https://api.moysklad.ru/api/remap/1.2/entity/product/4f298477-8a53-11ef-0a80-0da40000e8d3?expand=supplier'
2025-02-18 18:47:13,335 - INFO - Retrying after 1 seconds...
2025-02-18 18:47:13,465 - WARNING - Attempt 1 for https://api.moysklad.ru/api/remap/1.2/entity/product/a5fbee86-74d4-11ed-0a80-01170001ee1a?expand=supplier failed with 429: 429, message='Too Many Requests', url='https://api.moysklad.ru/api/remap/1.2/entity/product/a5fbee86-74d4-11ed-0a80-01170001ee1a?expand=supplier'
2025-02-18 18:47:13,466 - INFO - Retrying after 1 seconds...
2025-02-18 18:47:13,541 - WARNING - Attempt 1 for https://api.moysklad.ru/api/remap/1.2/entity/product/7b441ca4-8a53-11ef-0a80-148c0000c91e?expand=supplier failed with 429: 429, message='Too Many Requests', url='https://api.moysklad.ru/api/remap/1.2/entity/product/7b441ca4-8a53-11ef-0a80-148c0000c91e?expand=supplier'
2025-02-18 18:47:13,541 - INFO - Retrying after 1 seconds...
2025-02-18 18:47:14,795 - WARNING - Attempt 1 for https://api.moysklad.ru/api/remap/1.2/entity/variant/1272b96a-1c14-11ef-0a80-07ed003d2cc3?expand=product.supplier failed with 429: 429, message='Too Many Requests', url='https://api.moysklad.ru/api/remap/1.2/entity/variant/1272b96a-1c14-11ef-0a80-07ed003d2cc3?expand=product.supplier'
2025-02-18 18:47:14,795 - INFO - Retrying after 1 seconds...
2025-02-18 18:47:14,803 - WARNING - Attempt 1 for https://api.moysklad.ru/api/remap/1.2/entity/variant/6c5003a3-c4d1-11ee-0a80-15f6000da744?expand=product.supplier failed with 429: 429, message='Too Many Requests', url='https://api.moysklad.ru/api/remap/1.2/entity/variant/6c5003a3-c4d1-11ee-0a80-15f6000da744?expand=product.supplier'
2025-02-18 18:47:14,803 - INFO - Retrying after 1 seconds...
2025-02-18 18:47:14,805 - WARNING - Attempt 1 for https://api.moysklad.ru/api/remap/1.2/entity/product/8bb23b6c-7fe3-11ef-0a80-06bc0012bcac?expand=supplier failed with 429: 429, message='Too Many Requests', url='https://api.moysklad.ru/api/remap/1.2/entity/product/8bb23b6c-7fe3-11ef-0a80-06bc0012bcac?expand=supplier'
2025-02-18 18:47:14,805 - INFO - Retrying after 1 seconds...
2025-02-18 18:47:16,081 - WARNING - Attempt 1 for https://api.moysklad.ru/api/remap/1.2/entity/product/4add0572-e479-11ef-0a80-0940000be869?expand=supplier failed with 429: 429, message='Too Many Requests', url='https://api.moysklad.ru/api/remap/1.2/entity/product/4add0572-e479-11ef-0a80-0940000be869?expand=supplier'
2025-02-18 18:47:16,082 - INFO - Retrying after 1 seconds...
2025-02-18 18:47:16,085 - WARNING - Attempt 1 for https://api.moysklad.ru/api/remap/1.2/entity/product/8abb566e-331e-11ef-0a80-1672001a0ebf?expand=supplier failed with 429: 429, message='Too Many Requests', url='https://api.moysklad.ru/api/remap/1.2/entity/product/8abb566e-331e-11ef-0a80-1672001a0ebf?expand=supplier'
2025-02-18 18:47:16,085 - INFO - Retrying after 1 seconds...
2025-02-18 18:47:16,225 - WARNING - Attempt 1 for https://api.moysklad.ru/api/remap/1.2/entity/variant/12ad7db0-3ee1-11ef-0a80-0bd20000017e?expand=product.supplier failed with 429: 429, message='Too Many Requests', url='https://api.moysklad.ru/api/remap/1.2/entity/variant/12ad7db0-3ee1-11ef-0a80-0bd20000017e?expand=product.supplier'
2025-02-18 18:47:16,226 - INFO - Retrying after 1 seconds...
2025-02-18 18:47:17,478 - WARNING - Attempt 1 for https://api.moysklad.ru/api/remap/1.2/entity/product/23a3a12b-92fd-11ef-0a80-15e1001a2fa5?expand=supplier failed with 429: 429, message='Too Many Requests', url='https://api.moysklad.ru/api/remap/1.2/entity/product/23a3a12b-92fd-11ef-0a80-15e1001a2fa5?expand=supplier'
2025-02-18 18:47:17,479 - INFO - Retrying after 1 seconds...
2025-02-18 18:47:17,539 - WARNING - Attempt 1 for https://api.moysklad.ru/api/remap/1.2/entity/variant/7a06af1d-d7a1-11ed-0a80-10eb00380f5e?expand=product.supplier failed with 429: 429, message='Too Many Requests', url='https://api.moysklad.ru/api/remap/1.2/entity/variant/7a06af1d-d7a1-11ed-0a80-10eb00380f5e?expand=product.supplier'
2025-02-18 18:47:17,539 - INFO - Retrying after 1 seconds...
2025-02-18 18:47:17,620 - WARNING - Attempt 1 for https://api.moysklad.ru/api/remap/1.2/entity/variant/86a033fd-3324-11ef-0a80-0078001a979d?expand=product.supplier failed with 429: 429, message='Too Many Requests', url='https://api.moysklad.ru/api/remap/1.2/entity/variant/86a033fd-3324-11ef-0a80-0078001a979d?expand=product.supplier'
2025-02-18 18:47:17,620 - INFO - Retrying after 1 seconds...
2025-02-18 18:47:18,840 - WARNING - Attempt 1 for https://api.moysklad.ru/api/remap/1.2/entity/product/7bbc0b4c-92fb-11ef-0a80-00350019a000?expand=supplier failed with 429: 429, message='Too Many Requests', url='https://api.moysklad.ru/api/remap/1.2/entity/product/7bbc0b4c-92fb-11ef-0a80-00350019a000?expand=supplier'
2025-02-18 18:47:18,840 - INFO - Retrying after 1 seconds...
2025-02-18 18:47:18,868 - WARNING - Attempt 1 for https://api.moysklad.ru/api/remap/1.2/entity/product/e0ee88e1-8d2d-11ee-0a80-15e4008351cd?expand=supplier failed with 429: 429, message='Too Many Requests', url='https://api.moysklad.ru/api/remap/1.2/entity/product/e0ee88e1-8d2d-11ee-0a80-15e4008351cd?expand=supplier'
2025-02-18 18:47:18,869 - INFO - Retrying after 1 seconds...
2025-02-18 18:47:18,934 - WARNING - Attempt 1 for https://api.moysklad.ru/api/remap/1.2/entity/product/3155e49a-2974-11ef-0a80-16d7003c88ca?expand=supplier failed with 429: 429, message='Too Many Requests', url='https://api.moysklad.ru/api/remap/1.2/entity/product/3155e49a-2974-11ef-0a80-16d7003c88ca?expand=supplier'
2025-02-18 18:47:18,934 - INFO - Retrying after 1 seconds...
